<?xml version="1.0" encoding="UTF-8"?>
<!-- Generated by org.testng.reporters.JUnitReportReporter -->
<testsuite hostname="DESKTOP-HQL3KN4" failures="0" tests="1" name="githubCRUDOparation.CreateRepoTest" time="8.521" errors="0" timestamp="2023-03-31T08:42:35 IST" skipped="0">
  <testcase classname="githubCRUDOparation.CreateRepoTest" name="createRepoTest" time="8.521"/>
  <system-out/>
</testsuite> <!-- githubCRUDOparation.CreateRepoTest -->
