<?xml version="1.0" encoding="UTF-8"?>
<!-- Generated by org.testng.reporters.JUnitReportReporter -->
<testsuite hostname="DESKTOP-HQL3KN4" failures="0" tests="1" name="githubCRUDOparation.GetReposForUserTest" time="7.044" errors="0" timestamp="2023-03-31T10:06:07 IST" skipped="0">
  <testcase classname="githubCRUDOparation.GetReposForUserTest" name="getReposForUserTest" time="7.044"/>
  <system-out/>
</testsuite> <!-- githubCRUDOparation.GetReposForUserTest -->
